<?xml version="1.0" encoding="UTF-8"?>
<testsuite xmlns:xsi="http://www.w3.org/2001/XMLSchema-instance" xsi:noNamespaceSchemaLocation="https://maven.apache.org/surefire/maven-surefire-plugin/xsd/surefire-test-report.xsd" name="CourierTest" time="67.196" tests="10" errors="1" skipped="0" failures="2">
  <properties>
    <property name="sun.desktop" value="windows"/>
    <property name="awt.toolkit" value="sun.awt.windows.WToolkit"/>
    <property name="java.specification.version" value="11"/>
    <property name="sun.cpu.isalist" value="amd64"/>
    <property name="sun.jnu.encoding" value="Cp1251"/>
    <property name="java.class.path" value="C:\Users\LeoYa\Sprint_7\Sprint_7\target\test-classes;C:\Users\LeoYa\Sprint_7\Sprint_7\target\classes;C:\Users\LeoYa\.m2\repository\junit\junit\4.13.2\junit-4.13.2.jar;C:\Users\LeoYa\.m2\repository\org\hamcrest\hamcrest-core\1.3\hamcrest-core-1.3.jar;C:\Users\LeoYa\.m2\repository\io\rest-assured\rest-assured\4.4.0\rest-assured-4.4.0.jar;C:\Users\LeoYa\.m2\repository\org\codehaus\groovy\groovy\3.0.8\groovy-3.0.8.jar;C:\Users\LeoYa\.m2\repository\org\codehaus\groovy\groovy-xml\3.0.8\groovy-xml-3.0.8.jar;C:\Users\LeoYa\.m2\repository\org\apache\httpcomponents\httpclient\4.5.13\httpclient-4.5.13.jar;C:\Users\LeoYa\.m2\repository\org\apache\httpcomponents\httpcore\4.4.13\httpcore-4.4.13.jar;C:\Users\LeoYa\.m2\repository\commons-logging\commons-logging\1.2\commons-logging-1.2.jar;C:\Users\LeoYa\.m2\repository\commons-codec\commons-codec\1.11\commons-codec-1.11.jar;C:\Users\LeoYa\.m2\repository\org\apache\httpcomponents\httpmime\4.5.13\httpmime-4.5.13.jar;C:\Users\LeoYa\.m2\repository\org\hamcrest\hamcrest\2.1\hamcrest-2.1.jar;C:\Users\LeoYa\.m2\repository\org\ccil\cowan\tagsoup\tagsoup\1.2.1\tagsoup-1.2.1.jar;C:\Users\LeoYa\.m2\repository\io\rest-assured\json-path\4.4.0\json-path-4.4.0.jar;C:\Users\LeoYa\.m2\repository\org\codehaus\groovy\groovy-json\3.0.8\groovy-json-3.0.8.jar;C:\Users\LeoYa\.m2\repository\io\rest-assured\rest-assured-common\4.4.0\rest-assured-common-4.4.0.jar;C:\Users\LeoYa\.m2\repository\io\rest-assured\xml-path\4.4.0\xml-path-4.4.0.jar;C:\Users\LeoYa\.m2\repository\org\apache\commons\commons-lang3\3.11\commons-lang3-3.11.jar;C:\Users\LeoYa\.m2\repository\jakarta\xml\bind\jakarta.xml.bind-api\2.3.3\jakarta.xml.bind-api-2.3.3.jar;C:\Users\LeoYa\.m2\repository\jakarta\activation\jakarta.activation-api\1.2.2\jakarta.activation-api-1.2.2.jar;C:\Users\LeoYa\.m2\repository\com\sun\xml\bind\jaxb-impl\2.3.3\jaxb-impl-2.3.3.jar;C:\Users\LeoYa\.m2\repository\com\google\code\gson\gson\2.8.9\gson-2.8.9.jar;C:\Users\LeoYa\.m2\repository\io\qameta\allure\allure-junit4\2.21.0\allure-junit4-2.21.0.jar;C:\Users\LeoYa\.m2\repository\io\qameta\allure\allure-java-commons\2.21.0\allure-java-commons-2.21.0.jar;C:\Users\LeoYa\.m2\repository\org\slf4j\slf4j-api\1.7.36\slf4j-api-1.7.36.jar;C:\Users\LeoYa\.m2\repository\io\qameta\allure\allure-model\2.21.0\allure-model-2.21.0.jar;C:\Users\LeoYa\.m2\repository\io\qameta\allure\allure-rest-assured\2.21.0\allure-rest-assured-2.21.0.jar;C:\Users\LeoYa\.m2\repository\io\qameta\allure\allure-attachments\2.21.0\allure-attachments-2.21.0.jar;C:\Users\LeoYa\.m2\repository\org\freemarker\freemarker\2.3.31\freemarker-2.3.31.jar;"/>
    <property name="java.vm.vendor" value="Amazon.com Inc."/>
    <property name="sun.arch.data.model" value="64"/>
    <property name="user.variant" value=""/>
    <property name="java.vendor.url" value="https://aws.amazon.com/corretto/"/>
    <property name="user.timezone" value="Europe/Moscow"/>
    <property name="java.vm.specification.version" value="11"/>
    <property name="os.name" value="Windows 10"/>
    <property name="sun.java.launcher" value="SUN_STANDARD"/>
    <property name="user.country" value="RU"/>
    <property name="sun.boot.library.path" value="C:\Program Files\Amazon Corretto\jdk11.0.17_8\bin"/>
    <property name="sun.java.command" value="C:\Users\LeoYa\AppData\Local\Temp\surefire6604661431208142180\surefirebooter4365936472714872853.jar C:\Users\LeoYa\AppData\Local\Temp\surefire6604661431208142180 2023-02-19T17-04-28_537-jvmRun1 surefire5089532688536513267tmp surefire_016348508405675387232tmp"/>
    <property name="jdk.debug" value="release"/>
    <property name="surefire.test.class.path" value="C:\Users\LeoYa\Sprint_7\Sprint_7\target\test-classes;C:\Users\LeoYa\Sprint_7\Sprint_7\target\classes;C:\Users\LeoYa\.m2\repository\junit\junit\4.13.2\junit-4.13.2.jar;C:\Users\LeoYa\.m2\repository\org\hamcrest\hamcrest-core\1.3\hamcrest-core-1.3.jar;C:\Users\LeoYa\.m2\repository\io\rest-assured\rest-assured\4.4.0\rest-assured-4.4.0.jar;C:\Users\LeoYa\.m2\repository\org\codehaus\groovy\groovy\3.0.8\groovy-3.0.8.jar;C:\Users\LeoYa\.m2\repository\org\codehaus\groovy\groovy-xml\3.0.8\groovy-xml-3.0.8.jar;C:\Users\LeoYa\.m2\repository\org\apache\httpcomponents\httpclient\4.5.13\httpclient-4.5.13.jar;C:\Users\LeoYa\.m2\repository\org\apache\httpcomponents\httpcore\4.4.13\httpcore-4.4.13.jar;C:\Users\LeoYa\.m2\repository\commons-logging\commons-logging\1.2\commons-logging-1.2.jar;C:\Users\LeoYa\.m2\repository\commons-codec\commons-codec\1.11\commons-codec-1.11.jar;C:\Users\LeoYa\.m2\repository\org\apache\httpcomponents\httpmime\4.5.13\httpmime-4.5.13.jar;C:\Users\LeoYa\.m2\repository\org\hamcrest\hamcrest\2.1\hamcrest-2.1.jar;C:\Users\LeoYa\.m2\repository\org\ccil\cowan\tagsoup\tagsoup\1.2.1\tagsoup-1.2.1.jar;C:\Users\LeoYa\.m2\repository\io\rest-assured\json-path\4.4.0\json-path-4.4.0.jar;C:\Users\LeoYa\.m2\repository\org\codehaus\groovy\groovy-json\3.0.8\groovy-json-3.0.8.jar;C:\Users\LeoYa\.m2\repository\io\rest-assured\rest-assured-common\4.4.0\rest-assured-common-4.4.0.jar;C:\Users\LeoYa\.m2\repository\io\rest-assured\xml-path\4.4.0\xml-path-4.4.0.jar;C:\Users\LeoYa\.m2\repository\org\apache\commons\commons-lang3\3.11\commons-lang3-3.11.jar;C:\Users\LeoYa\.m2\repository\jakarta\xml\bind\jakarta.xml.bind-api\2.3.3\jakarta.xml.bind-api-2.3.3.jar;C:\Users\LeoYa\.m2\repository\jakarta\activation\jakarta.activation-api\1.2.2\jakarta.activation-api-1.2.2.jar;C:\Users\LeoYa\.m2\repository\com\sun\xml\bind\jaxb-impl\2.3.3\jaxb-impl-2.3.3.jar;C:\Users\LeoYa\.m2\repository\com\google\code\gson\gson\2.8.9\gson-2.8.9.jar;C:\Users\LeoYa\.m2\repository\io\qameta\allure\allure-junit4\2.21.0\allure-junit4-2.21.0.jar;C:\Users\LeoYa\.m2\repository\io\qameta\allure\allure-java-commons\2.21.0\allure-java-commons-2.21.0.jar;C:\Users\LeoYa\.m2\repository\org\slf4j\slf4j-api\1.7.36\slf4j-api-1.7.36.jar;C:\Users\LeoYa\.m2\repository\io\qameta\allure\allure-model\2.21.0\allure-model-2.21.0.jar;C:\Users\LeoYa\.m2\repository\io\qameta\allure\allure-rest-assured\2.21.0\allure-rest-assured-2.21.0.jar;C:\Users\LeoYa\.m2\repository\io\qameta\allure\allure-attachments\2.21.0\allure-attachments-2.21.0.jar;C:\Users\LeoYa\.m2\repository\org\freemarker\freemarker\2.3.31\freemarker-2.3.31.jar;"/>
    <property name="sun.cpu.endian" value="little"/>
    <property name="allure.results.directory" value="C:\Users\LeoYa\Sprint_7\Sprint_7\target/allure-results"/>
    <property name="user.home" value="C:\Users\LeoYa"/>
    <property name="user.language" value="ru"/>
    <property name="java.specification.vendor" value="Oracle Corporation"/>
    <property name="java.version.date" value="2022-10-18"/>
    <property name="java.home" value="C:\Program Files\Amazon Corretto\jdk11.0.17_8"/>
    <property name="file.separator" value="\"/>
    <property name="basedir" value="C:\Users\LeoYa\Sprint_7\Sprint_7"/>
    <property name="java.vm.compressedOopsMode" value="Zero based"/>
    <property name="line.separator" value="&#10;"/>
    <property name="java.specification.name" value="Java Platform API Specification"/>
    <property name="java.vm.specification.vendor" value="Oracle Corporation"/>
    <property name="java.awt.graphicsenv" value="sun.awt.Win32GraphicsEnvironment"/>
    <property name="surefire.real.class.path" value="C:\Users\LeoYa\AppData\Local\Temp\surefire6604661431208142180\surefirebooter4365936472714872853.jar"/>
    <property name="user.script" value=""/>
    <property name="sun.management.compiler" value="HotSpot 64-Bit Tiered Compilers"/>
    <property name="java.runtime.version" value="11.0.17+8-LTS"/>
    <property name="user.name" value="LeoYa"/>
    <property name="path.separator" value=";"/>
    <property name="os.version" value="10.0"/>
    <property name="java.runtime.name" value="OpenJDK Runtime Environment"/>
    <property name="file.encoding" value="Cp1251"/>
    <property name="java.vm.name" value="OpenJDK 64-Bit Server VM"/>
    <property name="java.vendor.version" value="Corretto-11.0.17.8.1"/>
    <property name="localRepository" value="C:\Users\LeoYa\.m2\repository"/>
    <property name="java.vendor.url.bug" value="https://github.com/corretto/corretto-11/issues/"/>
    <property name="java.io.tmpdir" value="C:\Users\LeoYa\AppData\Local\Temp\"/>
    <property name="idea.version" value="2022.2.3"/>
    <property name="java.version" value="11.0.17"/>
    <property name="user.dir" value="C:\Users\LeoYa\Sprint_7\Sprint_7"/>
    <property name="os.arch" value="amd64"/>
    <property name="java.vm.specification.name" value="Java Virtual Machine Specification"/>
    <property name="java.awt.printerjob" value="sun.awt.windows.WPrinterJob"/>
    <property name="sun.os.patch.level" value=""/>
    <property name="java.library.path" value="C:\Program Files\Amazon Corretto\jdk11.0.17_8\bin;C:\Windows\Sun\Java\bin;C:\Windows\system32;C:\Windows;C:\apache-maven-3.8.6\bin;C:\Program Files\Amazon Corretto\jdk11.0.17_8\bin;C:\Program Files (x86)\Common Files\Oracle\Java\javapath;C:\Windows\system32;C:\Windows;C:\Windows\System32\Wbem;C:\Windows\System32\WindowsPowerShell\v1.0\;C:\Windows\System32\OpenSSH\;C:\Program Files\SafeNet\Authentication\SAC\x64;C:\Program Files\SafeNet\Authentication\SAC\x32;C:\Program Files\Microsoft SQL Server\150\Tools\Binn\;C:\Program Files\Microsoft SQL Server\Client SDK\ODBC\170\Tools\Binn\;C:\Program Files\dotnet\;C:\Program Files\Git\cmd;C:\Program Files\Git\mingw64\bin;C:\Program Files\Git\usr\bin;D:\WebDriver\bin;C:\Users\LeoYa\AppData\Local\Microsoft\WindowsApps;C:\Users\LeoYa\.dotnet\tools;D:\WebDriver\bin;;."/>
    <property name="java.vm.info" value="mixed mode"/>
    <property name="java.vendor" value="Amazon.com Inc."/>
    <property name="java.vm.version" value="11.0.17+8-LTS"/>
    <property name="sun.io.unicode.encoding" value="UnicodeLittle"/>
    <property name="java.class.version" value="55.0"/>
  </properties>
  <testcase name="cannotCreatedDoubleCourier" classname="CourierTest" time="4.624">
    <failure message="expected:&lt;...гин уже используется[]&gt; but was:&lt;...гин уже используется[. Попробуйте другой.]&gt;" type="org.junit.ComparisonFailure"><![CDATA[org.junit.ComparisonFailure: expected:<...гин уже используется[]> but was:<...гин уже используется[. Попробуйте другой.]>
	at CourierTest.cannotCreatedDoubleCourier(CourierTest.java:46)
]]></failure>
    <system-err><![CDATA[SLF4J: Failed to load class "org.slf4j.impl.StaticLoggerBinder".
SLF4J: Defaulting to no-operation (NOP) logger implementation
SLF4J: See http://www.slf4j.org/codes.html#StaticLoggerBinder for further details.
]]></system-err>
  </testcase>
  <testcase name="createdCourierWithoutFirstName" classname="CourierTest" time="0.169">
    <failure message="expected:&lt;400&gt; but was:&lt;201&gt;" type="java.lang.AssertionError"><![CDATA[java.lang.AssertionError: expected:<400> but was:<201>
	at CourierTest.createdCourierWithoutFirstName(CourierTest.java:72)
]]></failure>
  </testcase>
  <testcase name="createdCourierWithoutLogin" classname="CourierTest" time="0.169"/>
  <testcase name="courierLoginWithoutPassword" classname="CourierTest" time="60.412">
    <error message="Cannot invoke the path method because no content-type was present in the response and no default parser has been set.&#10;&#10;You can specify a default parser using e.g.:&#10;RestAssured.defaultParser = Parser.JSON;&#10;" type="java.lang.IllegalStateException">java.lang.IllegalStateException: 
Cannot invoke the path method because no content-type was present in the response and no default parser has been set.

You can specify a default parser using e.g.:
RestAssured.defaultParser = Parser.JSON;

	at CourierTest.courierLoginWithoutPassword(CourierTest.java:108)
</error>
  </testcase>
  <testcase name="courierLoginWithInvalidLoginPasswordPair" classname="CourierTest" time="0.357"/>
  <testcase name="courierCanBeLogin" classname="CourierTest" time="0.357"/>
  <testcase name="createdCourierWithoutPassword" classname="CourierTest" time="0.163"/>
  <testcase name="courierLoginWithoutLogin" classname="CourierTest" time="0.284"/>
  <testcase name="courierLoginWithNonexistentCredentials" classname="CourierTest" time="0.219"/>
  <testcase name="courierCanBeCreated" classname="CourierTest" time="0.17"/>
</testsuite>